# JRE version: OpenJDK Runtime Environment (14.0+36) (build 14+36-1461)
# Java VM: OpenJDK 64-Bit Server VM (14+36-1461, mixed mode, tiered, compressed oops, g1 gc, windows-amd64)
Heap:
 garbage-first heap   total 247808K, used 113445K [0x00000000e0000000, 0x0000000100000000)
  region size 1024K, 3 young (3072K), 2 survivors (2048K)
 Metaspace       used 53138K, capacity 53753K, committed 54192K, reserved 1097728K
  class space    used 6002K, capacity 6254K, committed 6400K, reserved 1048576K
GC Heap History (20 events):
Event: 18690.706 GC heap before
{Heap before GC invocations=621 (full 0):
 garbage-first heap   total 247808K, used 220230K [0x00000000e0000000, 0x0000000100000000)
  region size 1024K, 110 young (112640K), 1 survivors (1024K)
 Metaspace       used 52505K, capacity 53135K, committed 53552K, reserved 1097728K
  class space    used 5921K, capacity 6156K, committed 6272K, reserved 1048576K
}
Event: 18690.712 GC heap after
{Heap after GC invocations=622 (full 0):
 garbage-first heap   total 247808K, used 107716K [0x00000000e0000000, 0x0000000100000000)
  region size 1024K, 1 young (1024K), 1 survivors (1024K)
 Metaspace       used 52505K, capacity 53135K, committed 53552K, reserved 1097728K
  class space    used 5921K, capacity 6156K, committed 6272K, reserved 1048576K
}
Event: 18831.514 GC heap before
{Heap before GC invocations=622 (full 0):
 garbage-first heap   total 247808K, used 223428K [0x00000000e0000000, 0x0000000100000000)
  region size 1024K, 110 young (112640K), 1 survivors (1024K)
 Metaspace       used 53081K, capacity 53746K, committed 54192K, reserved 1097728K
  class space    used 6001K, capacity 6253K, committed 6400K, reserved 1048576K
}
Event: 18831.522 GC heap after
{Heap after GC invocations=623 (full 0):
 garbage-first heap   total 247808K, used 108323K [0x00000000e0000000, 0x0000000100000000)
  region size 1024K, 2 young (2048K), 2 survivors (2048K)
 Metaspace       used 53081K, capacity 53746K, committed 54192K, reserved 1097728K
  class space    used 6001K, capacity 6253K, committed 6400K, reserved 1048576K
}
Event: 19031.419 GC heap before
{Heap before GC invocations=623 (full 0):
 garbage-first heap   total 247808K, used 218915K [0x00000000e0000000, 0x0000000100000000)
  region size 1024K, 109 young (111616K), 2 survivors (2048K)
 Metaspace       used 53112K, capacity 53752K, committed 54192K, reserved 1097728K
  class space    used 6002K, capacity 6254K, committed 6400K, reserved 1048576K
}
Event: 19031.425 GC heap after
{Heap after GC invocations=624 (full 0):
 garbage-first heap   total 247808K, used 108717K [0x00000000e0000000, 0x0000000100000000)
  region size 1024K, 2 young (2048K), 2 survivors (2048K)
 Metaspace       used 53112K, capacity 53752K, committed 54192K, reserved 1097728K
  class space    used 6002K, capacity 6254K, committed 6400K, reserved 1048576K
}
Event: 19202.898 GC heap before
{Heap before GC invocations=624 (full 0):
 garbage-first heap   total 247808K, used 218285K [0x00000000e0000000, 0x0000000100000000)
  region size 1024K, 109 young (111616K), 2 survivors (2048K)
 Metaspace       used 53130K, capacity 53753K, committed 54192K, reserved 1097728K
  class space    used 6002K, capacity 6254K, committed 6400K, reserved 1048576K
}
Event: 19202.903 GC heap after
{Heap after GC invocations=625 (full 0):
 garbage-first heap   total 247808K, used 108842K [0x00000000e0000000, 0x0000000100000000)
  region size 1024K, 2 young (2048K), 2 survivors (2048K)
 Metaspace       used 53130K, capacity 53753K, committed 54192K, reserved 1097728K
  class space    used 6002K, capacity 6254K, committed 6400K, reserved 1048576K
}
Event: 19392.240 GC heap before
{Heap before GC invocations=625 (full 0):
 garbage-first heap   total 247808K, used 218410K [0x00000000e0000000, 0x0000000100000000)
  region size 1024K, 109 young (111616K), 2 survivors (2048K)
 Metaspace       used 53130K, capacity 53753K, committed 54192K, reserved 1097728K
  class space    used 6002K, capacity 6254K, committed 6400K, reserved 1048576K
}
Event: 19392.247 GC heap after
{Heap after GC invocations=626 (full 0):
 garbage-first heap   total 247808K, used 108723K [0x00000000e0000000, 0x0000000100000000)
  region size 1024K, 2 young (2048K), 2 survivors (2048K)
 Metaspace       used 53130K, capacity 53753K, committed 54192K, reserved 1097728K
  class space    used 6002K, capacity 6254K, committed 6400K, reserved 1048576K
}
Event: 19583.620 GC heap before
{Heap before GC invocations=626 (full 0):
 garbage-first heap   total 247808K, used 219315K [0x00000000e0000000, 0x0000000100000000)
  region size 1024K, 110 young (112640K), 2 survivors (2048K)
 Metaspace       used 53130K, capacity 53753K, committed 54192K, reserved 1097728K
  class space    used 6002K, capacity 6254K, committed 6400K, reserved 1048576K
}
Event: 19583.624 GC heap after
{Heap after GC invocations=627 (full 0):
 garbage-first heap   total 247808K, used 108810K [0x00000000e0000000, 0x0000000100000000)
  region size 1024K, 2 young (2048K), 2 survivors (2048K)
 Metaspace       used 53130K, capacity 53753K, committed 54192K, reserved 1097728K
  class space    used 6002K, capacity 6254K, committed 6400K, reserved 1048576K
}
Event: 19774.385 GC heap before
{Heap before GC invocations=627 (full 0):
 garbage-first heap   total 247808K, used 219402K [0x00000000e0000000, 0x0000000100000000)
  region size 1024K, 110 young (112640K), 2 survivors (2048K)
 Metaspace       used 53130K, capacity 53753K, committed 54192K, reserved 1097728K
  class space    used 6002K, capacity 6254K, committed 6400K, reserved 1048576K
}
Event: 19774.387 GC heap after
{Heap after GC invocations=628 (full 0):
 garbage-first heap   total 247808K, used 108402K [0x00000000e0000000, 0x0000000100000000)
  region size 1024K, 2 young (2048K), 2 survivors (2048K)
 Metaspace       used 53130K, capacity 53753K, committed 54192K, reserved 1097728K
  class space    used 6002K, capacity 6254K, committed 6400K, reserved 1048576K
}
Event: 19934.246 GC heap before
{Heap before GC invocations=628 (full 0):
 garbage-first heap   total 247808K, used 220018K [0x00000000e0000000, 0x0000000100000000)
  region size 1024K, 110 young (112640K), 2 survivors (2048K)
 Metaspace       used 53131K, capacity 53753K, committed 54192K, reserved 1097728K
  class space    used 6002K, capacity 6254K, committed 6400K, reserved 1048576K
}
Event: 19934.250 GC heap after
{Heap after GC invocations=629 (full 0):
 garbage-first heap   total 247808K, used 108469K [0x00000000e0000000, 0x0000000100000000)
  region size 1024K, 2 young (2048K), 2 survivors (2048K)
 Metaspace       used 53131K, capacity 53753K, committed 54192K, reserved 1097728K
  class space    used 6002K, capacity 6254K, committed 6400K, reserved 1048576K
}
Event: 20097.042 GC heap before
{Heap before GC invocations=629 (full 0):
 garbage-first heap   total 247808K, used 219061K [0x00000000e0000000, 0x0000000100000000)
  region size 1024K, 110 young (112640K), 2 survivors (2048K)
 Metaspace       used 53138K, capacity 53753K, committed 54192K, reserved 1097728K
  class space    used 6002K, capacity 6254K, committed 6400K, reserved 1048576K
}
Event: 20097.044 GC heap after
{Heap after GC invocations=630 (full 0):
 garbage-first heap   total 247808K, used 108482K [0x00000000e0000000, 0x0000000100000000)
  region size 1024K, 2 young (2048K), 2 survivors (2048K)
 Metaspace       used 53138K, capacity 53753K, committed 54192K, reserved 1097728K
  class space    used 6002K, capacity 6254K, committed 6400K, reserved 1048576K
}
Event: 20176.736 GC heap before
{Heap before GC invocations=630 (full 0):
 garbage-first heap   total 247808K, used 154562K [0x00000000e0000000, 0x0000000100000000)
  region size 1024K, 48 young (49152K), 2 survivors (2048K)
 Metaspace       used 53138K, capacity 53753K, committed 54192K, reserved 1097728K
  class space    used 6002K, capacity 6254K, committed 6400K, reserved 1048576K
}
Event: 20176.741 GC heap after
{Heap after GC invocations=631 (full 0):
 garbage-first heap   total 247808K, used 108325K [0x00000000e0000000, 0x0000000100000000)
  region size 1024K, 2 young (2048K), 2 survivors (2048K)
 Metaspace       used 53138K, capacity 53753K, committed 54192K, reserved 1097728K
  class space    used 6002K, capacity 6254K, committed 6400K, reserved 1048576K
}

