# JRE version: OpenJDK Runtime Environment (14.0+36) (build 14+36-1461)
# Java VM: OpenJDK 64-Bit Server VM (14+36-1461, mixed mode, tiered, compressed oops, g1 gc, windows-amd64)
Heap:
 garbage-first heap   total 145408K, used 84946K [0x00000000e0000000, 0x0000000100000000)
  region size 1024K, 2 young (2048K), 1 survivors (1024K)
 Metaspace       used 41211K, capacity 41923K, committed 42032K, reserved 1085440K
  class space    used 4905K, capacity 5177K, committed 5248K, reserved 1048576K
GC Heap History (20 events):
Event: 10.834 GC heap before
{Heap before GC invocations=48 (full 0):
 garbage-first heap   total 109568K, used 65982K [0x00000000e0000000, 0x0000000100000000)
  region size 1024K, 7 young (7168K), 1 survivors (1024K)
 Metaspace       used 40702K, capacity 41375K, committed 41520K, reserved 1085440K
  class space    used 4897K, capacity 5144K, committed 5248K, reserved 1048576K
}
Event: 10.836 GC heap after
{Heap after GC invocations=49 (full 0):
 garbage-first heap   total 109568K, used 59833K [0x00000000e0000000, 0x0000000100000000)
  region size 1024K, 1 young (1024K), 1 survivors (1024K)
 Metaspace       used 40702K, capacity 41375K, committed 41520K, reserved 1085440K
  class space    used 4897K, capacity 5144K, committed 5248K, reserved 1048576K
}
Event: 10.887 GC heap before
{Heap before GC invocations=50 (full 0):
 garbage-first heap   total 116736K, used 78265K [0x00000000e0000000, 0x0000000100000000)
  region size 1024K, 9 young (9216K), 1 survivors (1024K)
 Metaspace       used 40703K, capacity 41375K, committed 41520K, reserved 1085440K
  class space    used 4897K, capacity 5144K, committed 5248K, reserved 1048576K
}
Event: 10.888 GC heap after
{Heap after GC invocations=51 (full 0):
 garbage-first heap   total 116736K, used 64949K [0x00000000e0000000, 0x0000000100000000)
  region size 1024K, 1 young (1024K), 1 survivors (1024K)
 Metaspace       used 40703K, capacity 41375K, committed 41520K, reserved 1085440K
  class space    used 4897K, capacity 5144K, committed 5248K, reserved 1048576K
}
Event: 10.935 GC heap before
{Heap before GC invocations=52 (full 0):
 garbage-first heap   total 128000K, used 78261K [0x00000000e0000000, 0x0000000100000000)
  region size 1024K, 7 young (7168K), 1 survivors (1024K)
 Metaspace       used 40706K, capacity 41375K, committed 41520K, reserved 1085440K
  class space    used 4897K, capacity 5144K, committed 5248K, reserved 1048576K
}
Event: 10.936 GC heap after
{Heap after GC invocations=53 (full 0):
 garbage-first heap   total 128000K, used 70069K [0x00000000e0000000, 0x0000000100000000)
  region size 1024K, 1 young (1024K), 1 survivors (1024K)
 Metaspace       used 40706K, capacity 41375K, committed 41520K, reserved 1085440K
  class space    used 4897K, capacity 5144K, committed 5248K, reserved 1048576K
}
Event: 10.993 GC heap before
{Heap before GC invocations=54 (full 0):
 garbage-first heap   total 130048K, used 82357K [0x00000000e0000000, 0x0000000100000000)
  region size 1024K, 6 young (6144K), 1 survivors (1024K)
 Metaspace       used 40738K, capacity 41439K, committed 41776K, reserved 1085440K
  class space    used 4897K, capacity 5144K, committed 5248K, reserved 1048576K
}
Event: 10.995 GC heap after
{Heap after GC invocations=55 (full 0):
 garbage-first heap   total 130048K, used 72124K [0x00000000e0000000, 0x0000000100000000)
  region size 1024K, 1 young (1024K), 1 survivors (1024K)
 Metaspace       used 40738K, capacity 41439K, committed 41776K, reserved 1085440K
  class space    used 4897K, capacity 5144K, committed 5248K, reserved 1048576K
}
Event: 11.046 GC heap before
{Heap before GC invocations=56 (full 0):
 garbage-first heap   total 133120K, used 83388K [0x00000000e0000000, 0x0000000100000000)
  region size 1024K, 6 young (6144K), 1 survivors (1024K)
 Metaspace       used 40740K, capacity 41439K, committed 41776K, reserved 1085440K
  class space    used 4897K, capacity 5144K, committed 5248K, reserved 1048576K
}
Event: 11.048 GC heap after
{Heap after GC invocations=57 (full 0):
 garbage-first heap   total 133120K, used 71105K [0x00000000e0000000, 0x0000000100000000)
  region size 1024K, 1 young (1024K), 1 survivors (1024K)
 Metaspace       used 40740K, capacity 41439K, committed 41776K, reserved 1085440K
  class space    used 4897K, capacity 5144K, committed 5248K, reserved 1048576K
}
Event: 11.097 GC heap before
{Heap before GC invocations=58 (full 0):
 garbage-first heap   total 133120K, used 81345K [0x00000000e0000000, 0x0000000100000000)
  region size 1024K, 5 young (5120K), 1 survivors (1024K)
 Metaspace       used 40741K, capacity 41439K, committed 41776K, reserved 1085440K
  class space    used 4897K, capacity 5144K, committed 5248K, reserved 1048576K
}
Event: 11.098 GC heap after
{Heap after GC invocations=59 (full 0):
 garbage-first heap   total 133120K, used 73174K [0x00000000e0000000, 0x0000000100000000)
  region size 1024K, 1 young (1024K), 1 survivors (1024K)
 Metaspace       used 40741K, capacity 41439K, committed 41776K, reserved 1085440K
  class space    used 4897K, capacity 5144K, committed 5248K, reserved 1048576K
}
Event: 11.142 GC heap before
{Heap before GC invocations=60 (full 0):
 garbage-first heap   total 138240K, used 85462K [0x00000000e0000000, 0x0000000100000000)
  region size 1024K, 6 young (6144K), 1 survivors (1024K)
 Metaspace       used 40752K, capacity 41439K, committed 41776K, reserved 1085440K
  class space    used 4897K, capacity 5144K, committed 5248K, reserved 1048576K
}
Event: 11.143 GC heap after
{Heap after GC invocations=61 (full 0):
 garbage-first heap   total 138240K, used 74193K [0x00000000e0000000, 0x0000000100000000)
  region size 1024K, 1 young (1024K), 1 survivors (1024K)
 Metaspace       used 40752K, capacity 41439K, committed 41776K, reserved 1085440K
  class space    used 4897K, capacity 5144K, committed 5248K, reserved 1048576K
}
Event: 11.185 GC heap before
{Heap before GC invocations=62 (full 0):
 garbage-first heap   total 138240K, used 85457K [0x00000000e0000000, 0x0000000100000000)
  region size 1024K, 5 young (5120K), 1 survivors (1024K)
 Metaspace       used 40752K, capacity 41439K, committed 41776K, reserved 1085440K
  class space    used 4897K, capacity 5144K, committed 5248K, reserved 1048576K
}
Event: 11.186 GC heap after
{Heap after GC invocations=63 (full 0):
 garbage-first heap   total 138240K, used 79326K [0x00000000e0000000, 0x0000000100000000)
  region size 1024K, 1 young (1024K), 1 survivors (1024K)
 Metaspace       used 40752K, capacity 41439K, committed 41776K, reserved 1085440K
  class space    used 4897K, capacity 5144K, committed 5248K, reserved 1048576K
}
Event: 11.240 GC heap before
{Heap before GC invocations=64 (full 0):
 garbage-first heap   total 145408K, used 92638K [0x00000000e0000000, 0x0000000100000000)
  region size 1024K, 7 young (7168K), 1 survivors (1024K)
 Metaspace       used 40755K, capacity 41439K, committed 41776K, reserved 1085440K
  class space    used 4897K, capacity 5144K, committed 5248K, reserved 1048576K
}
Event: 11.241 GC heap after
{Heap after GC invocations=65 (full 0):
 garbage-first heap   total 145408K, used 82413K [0x00000000e0000000, 0x0000000100000000)
  region size 1024K, 1 young (1024K), 1 survivors (1024K)
 Metaspace       used 40755K, capacity 41439K, committed 41776K, reserved 1085440K
  class space    used 4897K, capacity 5144K, committed 5248K, reserved 1048576K
}
Event: 6492.864 GC heap before
{Heap before GC invocations=66 (full 0):
 garbage-first heap   total 145408K, used 101869K [0x00000000e0000000, 0x0000000100000000)
  region size 1024K, 19 young (19456K), 1 survivors (1024K)
 Metaspace       used 41211K, capacity 41923K, committed 42032K, reserved 1085440K
  class space    used 4905K, capacity 5177K, committed 5248K, reserved 1048576K
}
Event: 6492.925 GC heap after
{Heap after GC invocations=67 (full 0):
 garbage-first heap   total 145408K, used 79826K [0x00000000e0000000, 0x0000000100000000)
  region size 1024K, 1 young (1024K), 1 survivors (1024K)
 Metaspace       used 41211K, capacity 41923K, committed 42032K, reserved 1085440K
  class space    used 4905K, capacity 5177K, committed 5248K, reserved 1048576K
}

